
Starting Nmap 5.51 ( http://nmap.org ) at 2018-06-22 13:52 CST
Failed to find device eth0 which was referenced in /proc/net/route
Nmap scan report for 192.168.1.130
Host is up (0.0023s latency).
PORT     STATE SERVICE
5900/tcp open  vnc
MAC Address: 00:16:3E:00:00:00 (Xensource)

Nmap scan report for 192.168.1.131
Host is up (0.0012s latency).
PORT     STATE SERVICE
5900/tcp open  vnc
MAC Address: 00:16:3E:00:00:01 (Xensource)

Nmap scan report for 192.168.1.132
Host is up (0.0012s latency).
PORT     STATE SERVICE
5900/tcp open  vnc
MAC Address: 00:16:3E:00:00:02 (Xensource)

Nmap scan report for 192.168.1.133
Host is up (0.0011s latency).
PORT     STATE SERVICE
5900/tcp open  vnc
MAC Address: 00:16:3E:00:00:03 (Xensource)

Nmap scan report for 192.168.1.134
Host is up (0.0020s latency).
PORT     STATE SERVICE
5900/tcp open  vnc
MAC Address: 00:16:3E:00:00:04 (Xensource)

Nmap scan report for 192.168.1.135
Host is up (0.0011s latency).
PORT     STATE SERVICE
5900/tcp open  vnc
MAC Address: 00:16:3E:00:00:05 (Xensource)

Nmap scan report for 192.168.1.136
Host is up (0.0024s latency).
PORT     STATE SERVICE
5900/tcp open  vnc
MAC Address: 00:16:3E:00:00:06 (Xensource)

Nmap scan report for 192.168.1.137
Host is up (0.0017s latency).
PORT     STATE SERVICE
5900/tcp open  vnc
MAC Address: 00:16:3E:00:00:07 (Xensource)

Nmap scan report for 192.168.1.138
Host is up (0.0017s latency).
PORT     STATE SERVICE
5900/tcp open  vnc
MAC Address: 00:16:3E:00:00:08 (Xensource)

Nmap scan report for 192.168.1.139
Host is up (0.0016s latency).
PORT     STATE SERVICE
5900/tcp open  vnc
MAC Address: 00:16:3E:00:00:09 (Xensource)

Nmap done: 10 IP addresses (10 hosts up) scanned in 0.50 seconds

Starting Nmap 5.51 ( http://nmap.org ) at 2018-06-22 13:52 CST
Failed to find device eth0 which was referenced in /proc/net/route
Nmap scan report for 192.168.1.160
Host is up (0.0021s latency).
PORT     STATE SERVICE
5900/tcp open  vnc
MAC Address: 00:16:3E:01:00:00 (Xensource)

Nmap scan report for 192.168.1.161
Host is up (0.0022s latency).
PORT     STATE SERVICE
5900/tcp open  vnc
MAC Address: 00:16:3E:01:00:01 (Xensource)

Nmap scan report for 192.168.1.162
Host is up (0.0021s latency).
PORT     STATE SERVICE
5900/tcp open  vnc
MAC Address: 00:16:3E:01:00:02 (Xensource)

Nmap scan report for 192.168.1.163
Host is up (0.0023s latency).
PORT     STATE SERVICE
5900/tcp open  vnc
MAC Address: 00:16:3E:01:00:03 (Xensource)

Nmap scan report for 192.168.1.164
Host is up (0.0021s latency).
PORT     STATE SERVICE
5900/tcp open  vnc
MAC Address: 00:16:3E:01:00:04 (Xensource)

Nmap scan report for 192.168.1.165
Host is up (0.0020s latency).
PORT     STATE SERVICE
5900/tcp open  vnc
MAC Address: 00:16:3E:01:00:05 (Xensource)

Nmap scan report for 192.168.1.166
Host is up (0.0020s latency).
PORT     STATE SERVICE
5900/tcp open  vnc
MAC Address: 00:16:3E:01:00:06 (Xensource)

Nmap scan report for 192.168.1.167
Host is up (0.0019s latency).
PORT     STATE SERVICE
5900/tcp open  vnc
MAC Address: 00:16:3E:01:00:07 (Xensource)

Nmap scan report for 192.168.1.168
Host is up (0.0019s latency).
PORT     STATE SERVICE
5900/tcp open  vnc
MAC Address: 00:16:3E:01:00:08 (Xensource)

Nmap scan report for 192.168.1.169
Host is up (0.0018s latency).
PORT     STATE SERVICE
5900/tcp open  vnc
MAC Address: 00:16:3E:01:00:09 (Xensource)

Nmap done: 10 IP addresses (10 hosts up) scanned in 0.15 seconds

Starting Nmap 5.51 ( http://nmap.org ) at 2018-06-22 13:52 CST
Failed to find device eth0 which was referenced in /proc/net/route
Nmap scan report for 192.168.1.60
Host is up (0.00088s latency).
PORT     STATE SERVICE
5900/tcp open  vnc
MAC Address: 00:16:3E:02:01:00 (Xensource)

Nmap scan report for 192.168.1.61
Host is up (0.0011s latency).
PORT     STATE SERVICE
5900/tcp open  vnc
MAC Address: 00:16:3E:02:01:01 (Xensource)

Nmap scan report for 192.168.1.62
Host is up (0.0011s latency).
PORT     STATE SERVICE
5900/tcp open  vnc
MAC Address: 00:16:3E:02:01:02 (Xensource)

Nmap scan report for 192.168.1.63
Host is up (0.00099s latency).
PORT     STATE SERVICE
5900/tcp open  vnc
MAC Address: 00:16:3E:02:01:03 (Xensource)

Nmap scan report for 192.168.1.64
Host is up (0.0012s latency).
PORT     STATE SERVICE
5900/tcp open  vnc
MAC Address: 00:16:3E:02:01:04 (Xensource)

Nmap scan report for 192.168.1.65
Host is up (0.0014s latency).
PORT     STATE SERVICE
5900/tcp open  vnc
MAC Address: 00:16:3E:02:01:05 (Xensource)

Nmap scan report for 192.168.1.66
Host is up (0.00098s latency).
PORT     STATE SERVICE
5900/tcp open  vnc
MAC Address: 00:16:3E:02:01:06 (Xensource)

Nmap scan report for 192.168.1.67
Host is up (0.0013s latency).
PORT     STATE SERVICE
5900/tcp open  vnc
MAC Address: 00:16:3E:02:01:07 (Xensource)

Nmap scan report for 192.168.1.68
Host is up (0.0010s latency).
PORT     STATE SERVICE
5900/tcp open  vnc
MAC Address: 00:16:3E:02:01:08 (Xensource)

Nmap scan report for 192.168.1.69
Host is up (0.0010s latency).
PORT     STATE SERVICE
5900/tcp open  vnc
MAC Address: 00:16:3E:02:01:09 (Xensource)

Nmap done: 10 IP addresses (10 hosts up) scanned in 0.15 seconds

Starting Nmap 5.51 ( http://nmap.org ) at 2018-06-22 13:52 CST
Failed to find device eth0 which was referenced in /proc/net/route
Nmap done: 10 IP addresses (0 hosts up) scanned in 0.49 seconds
